Using pre-set license
Built from '2020.2/staging' branch; Version is '2020.2.6f1 (8a2143876886) revision 9052483'; Using compiler version '192528614'; Build Type 'Release'
OS: 'Windows 10 Pro; OS build 19041.928; Version 2004; 64bit' Language: 'en' Physical Memory: 16252 MB
BatchMode: 1, IsHumanControllingUs: 0, StartBugReporterOnCrash: 0, Is64bit: 1, IsPro: 0

 COMMAND LINE ARGUMENTS:
C:\Program Files\Unity\Hub\Editor\2020.2.6f1\Editor\Unity.exe
-adb2
-batchMode
-noUpm
-name
AssetImportWorker0
-projectPath
D:/projects/Draw-Planet/Virtual_Planet
-logFile
Logs/AssetImportWorker0.log
-srvPort
50403
Successfully changed project path to: D:/projects/Draw-Planet/Virtual_Planet
D:/projects/Draw-Planet/Virtual_Planet
Using Asset Import Pipeline V2.
Refreshing native plugins compatible for Editor in 24.88 ms, found 0 plugins.
Preloading 0 native plugins for Editor in 0.00 ms.
Initialize engine version: 2020.2.6f1 (8a2143876886)
[Subsystems] Discovering subsystems at path C:/Program Files/Unity/Hub/Editor/2020.2.6f1/Editor/Data/Resources/UnitySubsystems
[Subsystems] Discovering subsystems at path D:/projects/Draw-Planet/Virtual_Planet/Assets
GfxDevice: creating device client; threaded=0
Direct3D:
    Version:  Direct3D 11.0 [level 11.1]
    Renderer: NVIDIA GeForce GTX 1050 Ti (ID=0x1c8c)
    Vendor:   
    VRAM:     4021 MB
    Driver:   25.21.14.1935
Initialize mono
Mono path[0] = 'C:/Program Files/Unity/Hub/Editor/2020.2.6f1/Editor/Data/Managed'
Mono path[1] = 'C:/Program Files/Unity/Hub/Editor/2020.2.6f1/Editor/Data/MonoBleedingEdge/lib/mono/unityjit'
Mono config path = 'C:/Program Files/Unity/Hub/Editor/2020.2.6f1/Editor/Data/MonoBleedingEdge/etc'
Using monoOptions --debugger-agent=transport=dt_socket,embedding=1,server=y,suspend=n,address=127.0.0.1:56852
Begin MonoManager ReloadAssembly
Registering precompiled unity dll's ...
Register platform support module: C:/Program Files/Unity/Hub/Editor/2020.2.6f1/Editor/Data/PlaybackEngines/WebGLSupport/UnityEditor.WebGL.Extensions.dll
Register platform support module: C:/Program Files/Unity/Hub/Editor/2020.2.6f1/Editor/Data/PlaybackEngines/WindowsStandaloneSupport/UnityEditor.WindowsStandalone.Extensions.dll
Registered in 0.002854 seconds.
Native extension for WindowsStandalone target not found
Native extension for WebGL target not found
Refreshing native plugins compatible for Editor in 26.02 ms, found 0 plugins.
Preloading 0 native plugins for Editor in 0.00 ms.
Invoked RoslynAnalysisRunner static constructor.
RoslynAnalysisRunner will not be running.
RoslynAnalysisRunner has terminated.
Mono: successfully reloaded assembly
- Completed reload, in  2.836 seconds
Platform modules already initialized, skipping
Registering precompiled user dll's ...
Registered in 0.000588 seconds.
Begin MonoManager ReloadAssembly
Native extension for WindowsStandalone target not found
Native extension for WebGL target not found
Refreshing native plugins compatible for Editor in 0.19 ms, found 0 plugins.
Preloading 0 native plugins for Editor in 0.00 ms.
Invoked RoslynAnalysisRunner static constructor.
RoslynAnalysisRunner will not be running.
RoslynAnalysisRunner has terminated.
Mono: successfully reloaded assembly
- Completed reload, in  0.969 seconds
Platform modules already initialized, skipping
========================================================================
Worker process is ready to serve import requests
Launched and connected shader compiler UnityShaderCompiler.exe after 0.06 seconds
Refreshing native plugins compatible for Editor in 0.19 ms, found 0 plugins.
Preloading 0 native plugins for Editor in 0.00 ms.
Unloading 1103 Unused Serialized files (Serialized files now loaded: 0)
System memory in use before: 56.6 MB.
System memory in use after: 56.7 MB.

Unloading 10 unused Assets to reduce memory usage. Loaded Objects now: 1544.
Total: 2.466200 ms (FindLiveObjects: 0.254800 ms CreateObjectMapping: 0.068500 ms MarkObjects: 2.002800 ms  DeleteObjects: 0.138900 ms)

========================================================================
Received Import Request.
  path: Assets/Scenes
  artifactKey: Guid(6aa0a299e7732aa49adf9417532171a5) Importer(815301076,1909f56bfc062723c751e8b465ee728b)
Start importing Assets/Scenes using Guid(6aa0a299e7732aa49adf9417532171a5) Importer(815301076,1909f56bfc062723c751e8b465ee728b)  -> (artifact id: 'ff31e6f0d43db825832a38dc5f434e3e') in 0.035923 seconds
  Import took 0.038264 seconds .

========================================================================
Received Import Request.
  Time since last request: 3.468980 seconds.
  path: Assets/Scenes/SampleScene.unity
  artifactKey: Guid(9fc0d4010bbf28b4594072e72b8655ab) Importer(815301076,1909f56bfc062723c751e8b465ee728b)
Start importing Assets/Scenes/SampleScene.unity using Guid(9fc0d4010bbf28b4594072e72b8655ab) Importer(815301076,1909f56bfc062723c751e8b465ee728b)  -> (artifact id: '6c0d96e498f3f425048f0860a2a49f78') in 0.019896 seconds
  Import took 0.022512 seconds .

========================================================================
Received Import Request.
  Time since last request: 11.614942 seconds.
  path: Assets/Scenes/Game.unity
  artifactKey: Guid(9fc0d4010bbf28b4594072e72b8655ab) Importer(815301076,1909f56bfc062723c751e8b465ee728b)
Start importing Assets/Scenes/Game.unity using Guid(9fc0d4010bbf28b4594072e72b8655ab) Importer(815301076,1909f56bfc062723c751e8b465ee728b)  -> (artifact id: 'f556426aa1fffd97a99289146d1e64ec') in 0.012896 seconds
  Import took 0.015239 seconds .

========================================================================
Received Import Request.
  Time since last request: 2.302862 seconds.
  path: Assets
  artifactKey: Guid(00000000000000001000000000000000) Importer(815301076,1909f56bfc062723c751e8b465ee728b)
Start importing Assets using Guid(00000000000000001000000000000000) Importer(815301076,1909f56bfc062723c751e8b465ee728b)  -> (artifact id: 'f47cf443bddc682ac2de11ea429897ce') in 0.009260 seconds
  Import took 0.011227 seconds .

========================================================================
Received Import Request.
  Time since last request: 8.176554 seconds.
  path: Assets/Material
  artifactKey: Guid(44192f4c55e6c3f4d9228776c5e28fce) Importer(815301076,1909f56bfc062723c751e8b465ee728b)
Start importing Assets/Material using Guid(44192f4c55e6c3f4d9228776c5e28fce) Importer(815301076,1909f56bfc062723c751e8b465ee728b)  -> (artifact id: '1d132f2fa0b8d999da0552359401d0f9') in 0.007909 seconds
  Import took 0.010215 seconds .

========================================================================
Received Import Request.
  Time since last request: 12.914183 seconds.
  path: Assets/Scripts
  artifactKey: Guid(56ddafacc15492a4c9b6510de5b9f052) Importer(815301076,1909f56bfc062723c751e8b465ee728b)
Start importing Assets/Scripts using Guid(56ddafacc15492a4c9b6510de5b9f052) Importer(815301076,1909f56bfc062723c751e8b465ee728b)  -> (artifact id: '002bbfff75409010ff10952388036009') in 0.009008 seconds
  Import took 0.011760 seconds .

========================================================================
Received Import Request.
  Time since last request: 7.655920 seconds.
  path: Assets/Prefabs
  artifactKey: Guid(0f4922e77b3f1f1458b70884efd93a4e) Importer(815301076,1909f56bfc062723c751e8b465ee728b)
Start importing Assets/Prefabs using Guid(0f4922e77b3f1f1458b70884efd93a4e) Importer(815301076,1909f56bfc062723c751e8b465ee728b)  -> (artifact id: '3c89ed55732fd954e57063024fda12a1') in 0.008689 seconds
  Import took 0.011224 seconds .

AssetImportWorkerClient::OnTransportError - code=2 error=End of file
